Log file open, 10/29/18 18:10:25
LogWindows: Failed to load 'aqProf.dll' (GetLastError=126)
LogWindows: File 'aqProf.dll' does not exist
LogWindows: Failed to load 'VSPerf140.dll' (GetLastError=126)
LogWindows: File 'VSPerf140.dll' does not exist
LogWindows: Failed to load 'VtuneApi.dll' (GetLastError=126)
LogWindows: File 'VtuneApi.dll' does not exist
LogWindows: Failed to load 'VtuneApi32e.dll' (GetLastError=126)
LogWindows: File 'VtuneApi32e.dll' does not exist
LogInit: Display: Running engine for game: MyProject
LogPlatformFile: Not using cached read wrapper
LogTaskGraph: Started task graph with 5 named threads and 14 total threads with 3 sets of task threads.
LogStats: Stats thread started at 4.250780
LogD3D11RHI: Loaded GFSDK_Aftermath_Lib.x64.dll
LogICUInternationalization: Display: ICU TimeZone Detection - Raw Offset: -6:00, Platform Override: ''
LogPluginManager: Mounting plugin Paper2D
LogPluginManager: Mounting plugin AISupport
LogPluginManager: Mounting plugin LightPropagationVolume
LogPluginManager: Mounting plugin CLionSourceCodeAccess
LogPluginManager: Mounting plugin CodeLiteSourceCodeAccess
LogPluginManager: Mounting plugin GitSourceControl
LogPluginManager: Mounting plugin KDevelopSourceCodeAccess
LogPluginManager: Mounting plugin NullSourceCodeAccess
LogPluginManager: Mounting plugin PerforceSourceControl
LogPluginManager: Mounting plugin SubversionSourceControl
LogPluginManager: Mounting plugin UObjectPlugin
LogPluginManager: Mounting plugin VisualStudioCodeSourceCodeAccess
LogPluginManager: Mounting plugin VisualStudioSourceCodeAccess
LogPluginManager: Mounting plugin XCodeSourceCodeAccess
LogPluginManager: Mounting plugin AssetManagerEditor
LogPluginManager: Mounting plugin CryptoKeys
LogPluginManager: Mounting plugin DataValidation
LogPluginManager: Mounting plugin FacialAnimation
LogPluginManager: Mounting plugin GameplayTagsEditor
LogPluginManager: Mounting plugin MacGraphicsSwitching
LogPluginManager: Mounting plugin MeshEditor
LogPluginManager: Mounting plugin MobileLauncherProfileWizard
LogPluginManager: Mounting plugin PluginBrowser
LogPluginManager: Mounting plugin SpeedTreeImporter
LogPluginManager: Mounting plugin DatasmithContent
LogPluginManager: Mounting plugin AlembicImporter
LogPluginManager: Mounting plugin AppleImageUtils
LogPluginManager: Mounting plugin AppleVision
LogPluginManager: Mounting plugin BackChannel
LogPluginManager: Mounting plugin CharacterAI
LogPluginManager: Mounting plugin GeometryCache
LogPluginManager: Mounting plugin HTML5Networking
LogPluginManager: Mounting plugin ProxyLODPlugin
LogPluginManager: Mounting plugin MagicLeap
LogPluginManager: Mounting plugin MagicLeapEmulator
LogPluginManager: Mounting plugin MagicLeapMedia
LogPluginManager: Mounting plugin RunebergVRPlugin
LogPluginManager: Mounting plugin AndroidMedia
LogPluginManager: Mounting plugin AvfMedia
LogPluginManager: Mounting plugin ImgMedia
LogPluginManager: Mounting plugin LinearTimecode
LogPluginManager: Mounting plugin MediaCompositing
LogPluginManager: Mounting plugin MediaPlayerEditor
LogPluginManager: Mounting plugin WmfMedia
LogPluginManager: Mounting plugin TcpMessaging
LogPluginManager: Mounting plugin UdpMessaging
LogPluginManager: Mounting plugin ActorSequence
LogPluginManager: Mounting plugin LevelSequenceEditor
LogPluginManager: Mounting plugin MatineeToLevelSequence
LogPluginManager: Mounting plugin NetcodeUnitTest
LogPluginManager: Mounting plugin NUTUnrealEngine4
LogPluginManager: Mounting plugin OnlineSubsystemGooglePlay
LogPluginManager: Mounting plugin OnlineSubsystemIOS
LogPluginManager: Mounting plugin OnlineSubsystem
LogPluginManager: Mounting plugin OnlineSubsystemNull
LogPluginManager: Mounting plugin OnlineSubsystemUtils
LogPluginManager: Mounting plugin LauncherChunkInstaller
LogPluginManager: Mounting plugin AndroidDeviceProfileSelector
LogPluginManager: Mounting plugin AndroidMoviePlayer
LogPluginManager: Mounting plugin AndroidPermission
LogPluginManager: Mounting plugin AppleMoviePlayer
LogPluginManager: Mounting plugin ArchVisCharacter
LogPluginManager: Mounting plugin AudioCapture
LogPluginManager: Mounting plugin CableComponent
LogPluginManager: Mounting plugin CustomMeshComponent
LogPluginManager: Mounting plugin EditableMesh
LogPluginManager: Mounting plugin ExampleDeviceProfileSelector
LogPluginManager: Mounting plugin GoogleCloudMessaging
LogPluginManager: Mounting plugin ImmediatePhysics
LogPluginManager: Mounting plugin IOSDeviceProfileSelector
LogPluginManager: Mounting plugin LinuxDeviceProfileSelector
LogPluginManager: Mounting plugin LocationServicesBPLibrary
LogPluginManager: Mounting plugin MobilePatchingUtils
LogPluginManager: Mounting plugin OculusVR
LogPluginManager: Plugin shader directory ../../../Engine/Plugins/Runtime/Oculus/OculusVR/Shaders found
LogPluginManager: Mapping shader source directory ../../../Engine/Plugins/Runtime/Oculus/OculusVR/Shaders to virtual directory /Plugin/OculusVR
LogPluginManager: Mounting plugin PhysXVehicles
LogPluginManager: Mounting plugin ProceduralMeshComponent
LogPluginManager: Mounting plugin RuntimePhysXCooking
LogPluginManager: Mounting plugin SteamVR
LogPluginManager: Mounting plugin WindowsMoviePlayer
LogStreaming: Display: Took  0.623s to configure plugins.
LogInit: Using libcurl 7.55.1-DEV
LogInit:  - built for x86_64-pc-win32
LogInit:  - supports SSL with OpenSSL/1.0.2h
LogInit:  - supports HTTP deflate (compression) using libz 1.2.8
LogInit:  - other features:
LogInit:      CURL_VERSION_SSL
LogInit:      CURL_VERSION_LIBZ
LogInit:      CURL_VERSION_IPV6
LogInit:      CURL_VERSION_ASYNCHDNS
LogInit:      CURL_VERSION_LARGEFILE
LogInit:      CURL_VERSION_IDN
LogInit:  CurlRequestOptions (configurable via config and command line):
LogInit:  - bVerifyPeer = false  - Libcurl will NOT verify peer certificate
LogInit:  - bUseHttpProxy = false  - Libcurl will NOT use HTTP proxy
LogInit:  - bDontReuseConnections = false  - Libcurl will reuse connections
LogInit:  - CertBundlePath = nullptr  - Libcurl will use whatever was configured at build time.
LogInit:  - MaxHostConnections = 16  - Libcurl will limit the number of connections to a host
LogInit:  - LocalHostAddr = Default
LogInit:  - BufferSize = 65536
LogInit: WinSock: version 1.1 (2.2), MaxSocks=32767, MaxUdp=65467
LogInit: Build: ++UE4+Release-4.20-CL-4369336
LogInit: Engine Version: 4.20.3-4369336+++UE4+Release-4.20
LogInit: Compatible Engine Version: 4.20.0-4212847+++UE4+Release-4.20
LogInit: Net CL: 4212847
LogInit: OS: Windows 10 (), CPU: Intel(R) Core(TM) i5 CPU         760  @ 2.80GHz, GPU: NVIDIA GeForce GTX 980 Ti
LogInit: Compiled (64-bit): Sep 17 2018 12:26:19
LogInit: Compiled with Visual C++: 19.13.26129.00
LogInit: Build Configuration: Development
LogInit: Branch Name: ++UE4+Release-4.20
LogInit: Command Line:  
LogInit: Base Directory: D:/Epic Games/UE_4.20/Engine/Binaries/Win64/
LogInit: Installed Engine Build: 1
LogDevObjectVersion: Number of dev versions registered: 20
LogDevObjectVersion:   Dev-Blueprints (B0D832E4-1F89-4F0D-ACCF-7EB736FD4AA2): 10
LogDevObjectVersion:   Dev-Build (E1C64328-A22C-4D53-A36C-8E866417BD8C): 0
LogDevObjectVersion:   Dev-Core (375EC13C-06E4-48FB-B500-84F0262A717E): 2
LogDevObjectVersion:   Dev-Editor (E4B068ED-F494-42E9-A231-DA0B2E46BB41): 24
LogDevObjectVersion:   Dev-Framework (CFFC743F-43B0-4480-9391-14DF171D2073): 34
LogDevObjectVersion:   Dev-Mobile (B02B49B5-BB20-44E9-A304-32B752E40360): 2
LogDevObjectVersion:   Dev-Networking (A4E4105C-59A1-49B5-A7C5-40C4547EDFEE): 0
LogDevObjectVersion:   Dev-Online (39C831C9-5AE6-47DC-9A44-9C173E1C8E7C): 0
LogDevObjectVersion:   Dev-Physics (78F01B33-EBEA-4F98-B9B4-84EACCB95AA2): 0
LogDevObjectVersion:   Dev-Platform (6631380F-2D4D-43E0-8009-CF276956A95A): 0
LogDevObjectVersion:   Dev-Rendering (12F88B9F-8875-4AFC-A67C-D90C383ABD29): 26
LogDevObjectVersion:   Dev-Sequencer (7B5AE74C-D270-4C10-A958-57980B212A5A): 9
LogDevObjectVersion:   Dev-VR (D7296918-1DD6-4BDD-9DE2-64A83CC13884): 2
LogDevObjectVersion:   Dev-LoadTimes (C2A15278-BFE7-4AFE-6C17-90FF531DF755): 1
LogDevObjectVersion:   Private-Geometry (6EACA3D4-40EC-4CC1-B786-8BED09428FC5): 3
LogDevObjectVersion:   Dev-AnimPhys (29E575DD-E0A3-4627-9D10-D276232CDCEA): 17
LogDevObjectVersion:   Dev-ReflectionCapture (6B266CEC-1EC7-4B8F-A30B-E4D90942FC07): 1
LogDevObjectVersion:   Dev-Automation (0DF73D61-A23F-47EA-B727-89E90C41499A): 1
LogDevObjectVersion:   FortniteMain (601D1886-AC64-4F84-AA16-D3DE0DEAC7D6): 12
LogDevObjectVersion:   Dev-Enterprise (9DFFBCD6-494F-0158-E221-12823C92A888): 1
LogStreaming: Display: Took  0.021s to delete old logs.
LogInit: Presizing for max 8388607 objects, including 0 objects not considered by GC, pre-allocating 0 bytes for permanent pool.
LogInit: Object subsystem initialized
[2018.10.29-23.10.28:410][  0]LogInit: Selected Device Profile: [Windows]
[2018.10.29-23.10.28:411][  0]LogInit: Applying CVar settings loaded from the selected device profile: [Windows]
[2018.10.29-23.10.28:458][  0]LogHAL: Display: Platform has ~ 16 GB [17177825280 / 17179869184 / 16], which maps to Larger [LargestMinGB=32, LargerMinGB=12, DefaultMinGB=8, SmallerMinGB=6, SmallestMinGB=0)
[2018.10.29-23.10.28:462][  0]LogInit: Setting Device Profile CVar: [[r.Vulkan.UseRealUBs:1]]
[2018.10.29-23.10.28:463][  0]LogInit: Going up to parent DeviceProfile []
[2018.10.29-23.10.28:493][  0]LogInit: Computer: DESKTOP-FR4HRAK
[2018.10.29-23.10.28:493][  0]LogInit: User: TheDonimator
[2018.10.29-23.10.28:493][  0]LogInit: CPU Page size=4096, Cores=4
[2018.10.29-23.10.28:493][  0]LogInit: High frequency timer resolution =2.742886 MHz
[2018.10.29-23.10.28:499][  0]LogMemory: Memory total: Physical=16.0GB (16GB approx)
[2018.10.29-23.10.28:499][  0]LogMemory: Platform Memory Stats for Windows
[2018.10.29-23.10.28:499][  0]LogMemory: Process Physical Memory: 105.07 MB used, 105.07 MB peak
[2018.10.29-23.10.28:499][  0]LogMemory: Process Virtual Memory: 91.11 MB used, 91.11 MB peak
[2018.10.29-23.10.28:499][  0]LogMemory: Physical Memory: 5571.41 MB used,  10810.64 MB free, 16382.05 MB total
[2018.10.29-23.10.28:499][  0]LogMemory: Virtual Memory: 4632.81 MB used,  10810.64 MB free, 134217728.00 MB total
[2018.10.29-23.10.28:987][  0]LogInit: Using OS detected language (en-US).
[2018.10.29-23.10.28:988][  0]LogInit: Using OS detected locale (en-US).
[2018.10.29-23.10.29:052][  0]LogTextLocalizationManager: No specific localization for 'en-US' exists, so the 'en' localization will be used.
[2018.10.29-23.10.30:054][  0]LogStreaming: Display: Took  1.044s to InitEngineTextLocalization.
[2018.10.29-23.10.30:064][  0]LogInit: Setting process to per monitor DPI aware
[2018.10.29-23.10.30:645][  0]LogSlate: New Slate User Created.  User Index 0, Is Virtual User: 0
[2018.10.29-23.10.30:646][  0]LogSlate: Slate User Registered.  User Index 0, Is Virtual User: 0
[2018.10.29-23.10.32:341][  0]LogD3D11RHI: D3D11 adapters:
[2018.10.29-23.10.32:424][  0]LogD3D11RHI:    0. 'NVIDIA GeForce GTX 980 Ti' (Feature Level 11_0)
[2018.10.29-23.10.32:425][  0]LogD3D11RHI:       6097/0/8191 MB DedicatedVideo/DedicatedSystem/SharedSystem, Outputs:2, VendorId:0x10de
[2018.10.29-23.10.32:427][  0]LogD3D11RHI:    1. 'Microsoft Basic Render Driver' (Feature Level 11_0)
[2018.10.29-23.10.32:428][  0]LogD3D11RHI:       0/0/8191 MB DedicatedVideo/DedicatedSystem/SharedSystem, Outputs:0, VendorId:0x1414
[2018.10.29-23.10.32:428][  0]LogD3D11RHI: Chosen D3D11 Adapter: 0
[2018.10.29-23.10.32:438][  0]LogD3D11RHI: Creating new Direct3DDevice
[2018.10.29-23.10.32:438][  0]LogD3D11RHI:     GPU DeviceId: 0x17c8 (for the marketing name, search the web for "GPU Device Id")
[2018.10.29-23.10.32:447][  0]LogWindows: EnumDisplayDevices:
[2018.10.29-23.10.32:447][  0]LogWindows:    0. 'NVIDIA GeForce GTX 980 Ti' (P:1 D:1)
[2018.10.29-23.10.32:448][  0]LogWindows:    1. 'NVIDIA GeForce GTX 980 Ti' (P:0 D:1)
[2018.10.29-23.10.32:448][  0]LogWindows:    2. 'NVIDIA GeForce GTX 980 Ti' (P:0 D:0)
[2018.10.29-23.10.32:448][  0]LogWindows:    3. 'NVIDIA GeForce GTX 980 Ti' (P:0 D:0)
[2018.10.29-23.10.32:449][  0]LogWindows: DebugString: FoundDriverCount:4 
[2018.10.29-23.10.32:449][  0]LogD3D11RHI:     Adapter Name: NVIDIA GeForce GTX 980 Ti
[2018.10.29-23.10.32:449][  0]LogD3D11RHI:   Driver Version: 398.82 (internal:24.21.13.9882, unified:398.82)
[2018.10.29-23.10.32:449][  0]LogD3D11RHI:      Driver Date: 7-30-2018
[2018.10.29-23.10.32:449][  0]LogRHI: Texture pool is 4268 MB (70% of 6097 MB)
[2018.10.29-23.10.32:510][  0]LogD3D11RHI: Async texture creation enabled
[2018.10.29-23.10.32:809][  0]LogD3D11RHI: GPU Timing Frequency: 1000.000000 (Debug: 2 2)
[2018.10.29-23.10.32:874][  0]LogShaderCompilers: Guid format shader working directory is -4 characters bigger than the processId version (C:/Users/The Donimator/Documents/Unreal Projects/MyProject/Intermediate/Shaders/WorkingDirectory/4032/).
[2018.10.29-23.10.32:874][  0]LogShaderCompilers: Cleaned the shader compiler working directory 'C:/Users/The Donimator/AppData/Local/Temp/UnrealShaderWorkingDir/8A6786C944622EE8A4A272A2757D272E/'.
[2018.10.29-23.10.36:389][  0]LogTemp: Display: Loaded TP AllDesktopTargetPlatform
[2018.10.29-23.10.36:442][  0]LogTemp: Display: Loaded TP MacClientTargetPlatform
[2018.10.29-23.10.36:482][  0]LogTemp: Display: Loaded TP MacNoEditorTargetPlatform
[2018.10.29-23.10.36:523][  0]LogTemp: Display: Loaded TP MacServerTargetPlatform
[2018.10.29-23.10.36:584][  0]LogTemp: Display: Loaded TP MacTargetPlatform
[2018.10.29-23.10.36:636][  0]LogTemp: Display: Loaded TP WindowsClientTargetPlatform
[2018.10.29-23.10.36:674][  0]LogTemp: Display: Loaded TP WindowsNoEditorTargetPlatform
[2018.10.29-23.10.36:714][  0]LogTemp: Display: Loaded TP WindowsServerTargetPlatform
[2018.10.29-23.10.36:744][  0]LogTemp: Display: Loaded TP WindowsTargetPlatform
[2018.10.29-23.10.36:911][  0]LogTemp: Display: Loaded TP AndroidTargetPlatform
[2018.10.29-23.10.36:911][  0]LogTemp: Display: Loaded TP AndroidTargetPlatform
[2018.10.29-23.10.36:911][  0]LogTemp: Display: Loaded TP AndroidTargetPlatform
[2018.10.29-23.10.36:911][  0]LogTemp: Display: Loaded TP AndroidTargetPlatform
[2018.10.29-23.10.36:911][  0]LogTemp: Display: Loaded TP AndroidTargetPlatform
[2018.10.29-23.10.36:911][  0]LogTemp: Display: Loaded TP AndroidTargetPlatform
[2018.10.29-23.10.36:911][  0]LogTemp: Display: Loaded TP AndroidTargetPlatform
[2018.10.29-23.10.36:911][  0]LogTemp: Display: Loaded TP AndroidTargetPlatform
[2018.10.29-23.10.36:911][  0]LogTemp: Display: Loaded TP AndroidTargetPlatform
[2018.10.29-23.10.36:911][  0]LogTemp: Display: Loaded TP AndroidTargetPlatform
[2018.10.29-23.10.36:911][  0]LogTemp: Display: Loaded TP AndroidTargetPlatform
[2018.10.29-23.10.36:911][  0]LogTemp: Display: Loaded TP AndroidTargetPlatform
[2018.10.29-23.10.36:911][  0]LogTemp: Display: Loaded TP AndroidTargetPlatform
[2018.10.29-23.10.36:911][  0]LogTemp: Display: Loaded TP AndroidTargetPlatform
[2018.10.29-23.10.36:911][  0]LogTemp: Display: Loaded TP AndroidTargetPlatform
[2018.10.29-23.10.36:911][  0]LogTemp: Display: Loaded TP AndroidTargetPlatform
[2018.10.29-23.10.36:911][  0]LogTemp: Display: Loaded TP AndroidTargetPlatform
[2018.10.29-23.10.36:911][  0]LogTemp: Display: Loaded TP AndroidTargetPlatform
[2018.10.29-23.10.36:938][  0]LogTemp: Display: Loaded TP HTML5TargetPlatform
[2018.10.29-23.10.37:210][  0]LogTemp: Display: Loaded TP IOSTargetPlatform
[2018.10.29-23.10.37:210][  0]LogTemp: Display: Loaded TP IOSTargetPlatform
[2018.10.29-23.10.37:273][  0]LogTemp: Display: Loaded TP TVOSTargetPlatform
[2018.10.29-23.10.37:273][  0]LogTemp: Display: Loaded TP TVOSTargetPlatform
[2018.10.29-23.10.37:309][  0]LogTemp: Display: Loaded TP LinuxClientTargetPlatform
[2018.10.29-23.10.37:348][  0]LogTemp: Display: Loaded TP LinuxNoEditorTargetPlatform
[2018.10.29-23.10.37:390][  0]LogTemp: Display: Loaded TP LinuxServerTargetPlatform
[2018.10.29-23.10.37:437][  0]LogTemp: Display: Loaded TP LinuxTargetPlatform
[2018.10.29-23.10.37:472][  0]LogTemp: Display: Loaded TP LuminTargetPlatform
[2018.10.29-23.10.37:472][  0]LogTargetPlatformManager: Display: Building Assets For Windows
[2018.10.29-23.10.38:292][  0]LogXGEController: Cleaning working directory: C:/Users/The Donimator/AppData/Local/Temp/UnrealXGEWorkingDir/
[2018.10.29-23.10.38:293][  0]LogXGEController: Cannot use XGE Controller as Incredibuild is not installed on this machine.
[2018.10.29-23.10.38:293][  0]LogShaderCompilers: Cannot use XGE Shader Compiler as Incredibuild is not installed on this machine.
[2018.10.29-23.10.38:293][  0]LogShaderCompilers: Display: Using Local Shader Compiler.
[2018.10.29-23.10.41:880][  0]LogDerivedDataCache: Display: Max Cache Size: 512 MB
[2018.10.29-23.10.42:502][  0]LogDerivedDataCache: Loaded boot cache 0.62s 72MB C:/Users/The Donimator/AppData/Local/UnrealEngine/4.20/DerivedDataCache/Boot.ddc.
[2018.10.29-23.10.42:502][  0]LogDerivedDataCache: Display: Loaded Boot cache: C:/Users/The Donimator/AppData/Local/UnrealEngine/4.20/DerivedDataCache/Boot.ddc
[2018.10.29-23.10.42:502][  0]LogDerivedDataCache: FDerivedDataBackendGraph:  Pak pak cache file C:/Users/The Donimator/Documents/Unreal Projects/MyProject/DerivedDataCache/DDC.ddp not found, will not use a pak cache.
[2018.10.29-23.10.42:502][  0]LogDerivedDataCache: Unable to find inner node Pak for hierarchical cache Hierarchy.
[2018.10.29-23.10.42:502][  0]LogDerivedDataCache: FDerivedDataBackendGraph:  CompressedPak pak cache file C:/Users/The Donimator/Documents/Unreal Projects/MyProject/DerivedDataCache/Compressed.ddp not found, will not use a pak cache.
[2018.10.29-23.10.42:502][  0]LogDerivedDataCache: Unable to find inner node CompressedPak for hierarchical cache Hierarchy.
[2018.10.29-23.10.42:644][  0]LogDerivedDataCache: Display: Pak cache opened for reading ../../../Engine/DerivedDataCache/Compressed.ddp.
[2018.10.29-23.10.42:660][  0]LogDerivedDataCache: Using Local data cache path C:/Users/The Donimator/AppData/Local/UnrealEngine/Common/DerivedDataCache: Writable
[2018.10.29-23.10.42:660][  0]LogDerivedDataCache: Shared data cache path not found in *engine.ini, will not use an Shared cache.
[2018.10.29-23.10.42:660][  0]LogDerivedDataCache: Unable to find inner node Shared for hierarchical cache Hierarchy.
[2018.10.29-23.10.42:738][  0]LogMaterial: Verifying Global Shaders for PCD3D_SM5
[2018.10.29-23.10.42:809][  0]LogSlate: Using FreeType 2.6.0
[2018.10.29-23.10.42:885][  0]LogSlate: SlateFontServices - WITH_FREETYPE: 1, WITH_HARFBUZZ: 1
[2018.10.29-23.10.43:812][  0]LogAssetRegistry: FAssetRegistry took 0.0392 seconds to start up
[2018.10.29-23.10.46:457][  0]LogInit: Selected Device Profile: [Windows]
[2018.10.29-23.10.48:752][  0]LogSimplygon: Simplygon DLL not present - disabling.
[2018.10.29-23.10.48:922][  0]LogMeshReduction: Using SimplygonSwarm for distributed automatic mesh merging
[2018.10.29-23.10.48:923][  0]LogMeshReduction: Using ProxyLODMeshReduction for automatic mesh merging
[2018.10.29-23.10.48:923][  0]LogMeshReduction: Using QuadricMeshReduction for automatic static mesh reduction
[2018.10.29-23.10.48:923][  0]LogMeshReduction: No automatic skeletal mesh reduction module available
[2018.10.29-23.10.49:427][  0]LogNetVersion: MyProject 1.0.0, NetCL: 4212847, EngineNetVer: 5, GameNetVer: 0 (Checksum: 1110078900)
[2018.10.29-23.10.54:531][  0]LogPackageLocalizationCache: Processed 12 localized package path(s) for 2 prioritized culture(s) in 0.251102 seconds
[2018.10.29-23.10.54:573][  0]LogUObjectArray: 38425 objects as part of root set at end of initial load.
[2018.10.29-23.10.54:573][  0]LogUObjectAllocator: 6690872 out of 0 bytes used by permanent object pool.
[2018.10.29-23.10.54:573][  0]LogUObjectArray: CloseDisregardForGC: 0/0 objects in disregard for GC pool
[2018.10.29-23.11.14:686][  0]LogTcpMessaging: Initializing TcpMessaging bridge
[2018.10.29-23.11.14:727][  0]LogUdpMessaging: Initializing bridge on interface 0.0.0.0:0 to multicast group 230.0.0.1:6666.
[2018.10.29-23.11.15:718][  0]SourceControl: Source control is disabled
[2018.10.29-23.11.15:719][  0]SourceControl: Source control is disabled
[2018.10.29-23.11.15:875][  0]SourceControl: Source control is disabled
[2018.10.29-23.11.15:909][  0]SourceControl: Source control is disabled
[2018.10.29-23.11.17:509][  0]LogAndroidPermission: UAndroidPermissionCallbackProxy::GetInstance
[2018.10.29-23.11.17:757][  0]LogOcInput: OculusInput pre-init called
[2018.10.29-23.11.18:334][  0]LogEngine: Initializing Engine...
[2018.10.29-23.11.18:381][  0]LogHMD: Oculus plugin initialized. Version: 4.20.3-4369336+++UE4+Release-4.20, OVRPlugin: 1.25.0
[2018.10.29-23.11.18:412][  0]LogStats: UGameplayTagsManager::ConstructGameplayTagTree: ImportINI prefixes -  0.001 s
[2018.10.29-23.11.18:412][  0]LogStats: UGameplayTagsManager::ConstructGameplayTagTree: Construct from data asset -  0.000 s
[2018.10.29-23.11.18:412][  0]LogStats: UGameplayTagsManager::ConstructGameplayTagTree: ImportINI -  0.000 s
[2018.10.29-23.11.18:413][  0]LogStats: UGameplayTagsManager::ConstructGameplayTagTree: GameplayTagTreeChangedEvent.Broadcast -  0.000 s
[2018.10.29-23.11.19:386][  0]LogInit: Initializing FReadOnlyCVARCache
[2018.10.29-23.11.19:671][  0]LogAIModule: Creating AISystem for world Untitled
[2018.10.29-23.11.19:855][  0]LogInit: XAudio2 using 'Speakers (VIA HD Audio(Win 10))' : 6 channels at 48 kHz using 16 bits per sample (channel mask 0x60f)
[2018.10.29-23.11.19:905][  0]LogInit: FAudioDevice initialized.
[2018.10.29-23.11.19:905][  0]LogNetVersion: Set ProjectVersion to 1.0.0.0. Version Checksum will be recalculated on next use.
[2018.10.29-23.11.21:013][  0]LogDerivedDataCache: Saved boot cache 1.11s 72MB C:/Users/The Donimator/AppData/Local/UnrealEngine/4.20/DerivedDataCache/Boot.ddc.
[2018.10.29-23.11.21:015][  0]LogInit: Texture streaming: Enabled
[2018.10.29-23.11.21:142][  0]LogEngineSessionManager: EngineSessionManager initialized
[2018.10.29-23.11.21:247][  0]LogInit: Transaction tracking system initialized
[2018.10.29-23.11.21:571][  0]BlueprintLog: New page: Editor Load
[2018.10.29-23.11.22:813][  0]LocalizationService: Localization service is disabled
[2018.10.29-23.11.26:721][  0]LogCook: Display: Max memory allowance for cook 16384mb min free memory 0mb
[2018.10.29-23.11.26:723][  0]LogCook: Display: Mobile HDR setting 1
[2018.10.29-23.11.26:737][  0]LogGameplayTags: Display: UGameplayTagsManager::DoneAddingNativeTags. DelegateIsBound: 0
[2018.10.29-23.11.26:737][  0]LogStats: UGameplayTagsManager::ConstructGameplayTagTree: ImportINI prefixes -  0.000 s
[2018.10.29-23.11.26:737][  0]LogStats: UGameplayTagsManager::ConstructGameplayTagTree: Construct from data asset -  0.000 s
[2018.10.29-23.11.26:737][  0]LogStats: UGameplayTagsManager::ConstructGameplayTagTree: ImportINI -  0.000 s
[2018.10.29-23.11.26:737][  0]LogStats: UGameplayTagsManager::ConstructGameplayTagTree: GameplayTagTreeChangedEvent.Broadcast -  0.000 s
[2018.10.29-23.11.27:955][  0]LogFileCache: Scanning file cache for directory 'C:/Users/The Donimator/Documents/Unreal Projects/MyProject/Content/' took 0.46s
[2018.10.29-23.11.29:962][  0]SourceControl: Source control is disabled
[2018.10.29-23.11.30:070][  0]Cmd: MAP LOAD FILE="C:/Users/The Donimator/Documents/Unreal Projects/MyProject/Content/VirtualRealityBP/Maps/Ex_MotionControllerMap.umap" TEMPLATE=0 SHOWPROGRESS=1 FEATURELEVEL=3
[2018.10.29-23.11.30:074][  0]LightingResults: New page: Lighting Build
[2018.10.29-23.11.30:178][  0]MapCheck: New page: Map Check
[2018.10.29-23.11.30:178][  0]LightingResults: New page: Lighting Build
[2018.10.29-23.11.32:819][  0]LogAIModule: Creating AISystem for world Ex_MotionControllerMap
[2018.10.29-23.11.33:260][  0]LogEditorServer: Finished looking for orphan Actors (0.000 secs)
[2018.10.29-23.11.33:374][  0]Cmd: MAP CHECKDEP NOCLEARLOG
[2018.10.29-23.11.33:491][  0]MapCheck: Map check complete: 0 Error(s), 0 Warning(s), took 116.407ms to complete.
[2018.10.29-23.11.33:491][  0]LogFileHelpers: Loading map 'Ex_MotionControllerMap' took 3.431
[2018.10.29-23.11.34:561][  0]LogSlate: Updating window title bar state: overlay mode, drag disabled, window buttons hidden, title bar hidden
[2018.10.29-23.11.34:579][  0]LogSlate: Updating window title bar state: overlay mode, drag disabled, window buttons hidden, title bar hidden
[2018.10.29-23.11.34:591][  0]LogSlate: Updating window title bar state: overlay mode, drag disabled, window buttons hidden, title bar hidden
[2018.10.29-23.11.34:602][  0]LogSlate: Updating window title bar state: overlay mode, drag disabled, window buttons hidden, title bar hidden
[2018.10.29-23.11.34:801][  0]LogCollectionManager: Loaded 0 collections in 0.001735 seconds
[2018.10.29-23.11.34:949][  0]LogFileCache: Scanning file cache for directory 'C:/Users/The Donimator/Documents/Unreal Projects/MyProject/Saved/Collections/' took 0.01s
[2018.10.29-23.11.34:949][  0]LogFileCache: Scanning file cache for directory 'C:/Users/The Donimator/Documents/Unreal Projects/MyProject/Content/Developers/TheDonimator/Collections/' took 0.01s
[2018.10.29-23.11.34:949][  0]LogFileCache: Scanning file cache for directory 'C:/Users/The Donimator/Documents/Unreal Projects/MyProject/Content/Collections/' took 0.01s
[2018.10.29-23.11.34:949][  0]LogCollectionManager: Rebuilt the GUID cache for 0 collections in 0.000001 seconds
[2018.10.29-23.11.34:971][  0]LogContentBrowser: Native class hierarchy populated in 0.0177 seconds. Added 2583 classes and 606 folders.
[2018.10.29-23.11.35:062][  0]LogContentBrowser: Native class hierarchy updated for 'WidgetCarousel' in 0.0003 seconds. Added 0 classes and 0 folders.
[2018.10.29-23.11.36:326][  0]LogContentBrowser: Native class hierarchy updated for 'AddContentDialog' in 0.0003 seconds. Added 0 classes and 0 folders.
[2018.10.29-23.11.36:396][  0]LogContentBrowser: Native class hierarchy updated for 'SceneOutliner' in 0.0005 seconds. Added 1 classes and 2 folders.
[2018.10.29-23.11.37:158][  0]LogSlate: Took 0.016038 seconds to synchronously load lazily loaded font '../../../Engine/Content/Slate/Fonts/Roboto-Regular.ttf' (155K)
[2018.10.29-23.11.37:194][  0]LogSlate: Took 0.023804 seconds to synchronously load lazily loaded font '../../../Engine/Content/Slate/Fonts/Roboto-Bold.ttf' (160K)
[2018.10.29-23.11.37:251][  0]LogSlate: Took 0.012648 seconds to synchronously load lazily loaded font '../../../Engine/Content/Editor/Slate/Fonts/FontAwesome.ttf' (139K)
[2018.10.29-23.11.37:793][  0]LogRenderer: Reallocating scene render targets to support 1208x576 Format 26 NumSamples 1 (Frame:1).
[2018.10.29-23.11.38:478][  0]LogContentBrowser: Native class hierarchy updated for 'HierarchicalLODOutliner' in 0.0006 seconds. Added 0 classes and 0 folders.
[2018.10.29-23.11.38:478][  0]LogLoad: (Engine Initialization) Total time: 90.50 seconds
[2018.10.29-23.11.38:478][  0]LogLoad: (Engine Initialization) Total Blueprint compile time: 0.00 seconds
[2018.10.29-23.11.38:508][  0]LogOcInput: OculusInput is initialized
[2018.10.29-23.11.38:599][  0]LogContentStreaming: Texture pool size now 1000 MB
[2018.10.29-23.11.38:751][  0]LogSlate: Took 0.022719 seconds to synchronously load lazily loaded font '../../../Engine/Content/Slate/Fonts/Roboto-Light.ttf' (167K)
[2018.10.29-23.11.39:247][  5]LogAssetRegistry: Asset discovery search completed in 55.4580 seconds
[2018.10.29-23.11.39:252][  5]LogCollectionManager: Rebuilt the object cache for 0 collections in 0.000000 seconds (found 0 objects)
[2018.10.29-23.11.39:252][  5]LogCollectionManager: Fixed up redirectors for 0 collections in 0.000120 seconds (updated 0 objects)
[2018.10.29-23.17.37:289][ 62]LogSlate: FSceneViewport::OnFocusLost() reason 0
[2018.10.29-23.17.40:882][186]LogSlate: Window 'MyProject - Unreal Editor' being destroyed
[2018.10.29-23.17.41:189][187]Cmd: QUIT_EDITOR
[2018.10.29-23.17.41:291][187]LogWindowsTextInputMethodSystem: Display: IME system now deactivated.
[2018.10.29-23.17.41:317][187]LogExit: Preparing to exit.
[2018.10.29-23.17.42:244][187]LogExit: Editor shut down
[2018.10.29-23.17.42:244][187]LogExit: Transaction tracking system shut down
[2018.10.29-23.17.43:204][187]LogExit: Object subsystem successfully closed.
[2018.10.29-23.17.43:269][187]LogShaderCompilers: Display: Shaders left to compile 0
[2018.10.29-23.17.43:284][187]LogD3D11RHI: Shutdown
[2018.10.29-23.17.43:284][187]LogD3D11RHI: CleanupD3DDevice
[2018.10.29-23.17.43:286][187]LogD3D11RHI: ~FD3D11DynamicRHI
[2018.10.29-23.17.43:725][187]LogModuleManager: Shutting down and abandoning module HierarchicalLODOutliner (612)
[2018.10.29-23.17.43:725][187]LogModuleManager: Shutting down and abandoning module SceneOutliner (610)
[2018.10.29-23.17.43:725][187]LogModuleManager: Shutting down and abandoning module AddContentDialog (608)
[2018.10.29-23.17.43:726][187]LogModuleManager: Shutting down and abandoning module WidgetCarousel (607)
[2018.10.29-23.17.43:726][187]LogModuleManager: Shutting down and abandoning module EditorWidgets (604)
[2018.10.29-23.17.43:726][187]LogModuleManager: Shutting down and abandoning module CollectionManager (602)
[2018.10.29-23.17.43:735][187]LogModuleManager: Shutting down and abandoning module StatsViewer (600)
[2018.10.29-23.17.43:735][187]LogModuleManager: Shutting down and abandoning module FoliageEdit (598)
[2018.10.29-23.17.43:735][187]LogModuleManager: Shutting down and abandoning module LandscapeEditor (596)
[2018.10.29-23.17.43:759][187]LogModuleManager: Shutting down and abandoning module MeshPaintMode (594)
[2018.10.29-23.17.43:759][187]LogModuleManager: Shutting down and abandoning module SceneDepthPickerMode (592)
[2018.10.29-23.17.43:759][187]LogModuleManager: Shutting down and abandoning module ActorPickerMode (590)
[2018.10.29-23.17.43:759][187]LogModuleManager: Shutting down and abandoning module GeometryMode (588)
[2018.10.29-23.17.43:759][187]LogModuleManager: Shutting down and abandoning module TextureAlignMode (586)
[2018.10.29-23.17.43:759][187]LogModuleManager: Shutting down and abandoning module BspMode (584)
[2018.10.29-23.17.43:759][187]LogModuleManager: Shutting down and abandoning module PIEPreviewDeviceProfileSelector (582)
[2018.10.29-23.17.43:759][187]LogModuleManager: Shutting down and abandoning module SequenceRecorderSections (580)
[2018.10.29-23.17.43:759][187]LogModuleManager: Shutting down and abandoning module AutomationWorker (578)
[2018.10.29-23.17.43:759][187]LogModuleManager: Shutting down and abandoning module AudioCaptureEditor (576)
[2018.10.29-23.17.43:759][187]LogModuleManager: Shutting down and abandoning module SequenceRecorder (575)
[2018.10.29-23.17.43:759][187]LogModuleManager: Shutting down and abandoning module MatineeToLevelSequence (572)
[2018.10.29-23.17.43:759][187]LogModuleManager: Shutting down and abandoning module LevelSequenceEditor (570)
[2018.10.29-23.17.43:770][187]LogModuleManager: Shutting down and abandoning module PlacementMode (569)
[2018.10.29-23.17.43:770][187]LogModuleManager: Shutting down and abandoning module MaterialEditor (568)
[2018.10.29-23.17.43:801][187]LogModuleManager: Shutting down and abandoning module WmfMediaFactory (564)
[2018.10.29-23.17.43:801][187]LogModuleManager: Shutting down and abandoning module WmfMediaEditor (562)
[2018.10.29-23.17.43:801][187]LogModuleManager: Shutting down and abandoning module MediaPlayerEditor (560)
[2018.10.29-23.17.43:801][187]LogModuleManager: Shutting down and abandoning module OpenExrWrapper (558)
[2018.10.29-23.17.43:801][187]LogModuleManager: Shutting down and abandoning module ImgMediaFactory (556)
[2018.10.29-23.17.43:801][187]LogModuleManager: Shutting down and abandoning module ImgMediaEditor (554)
[2018.10.29-23.17.43:801][187]LogModuleManager: Shutting down and abandoning module AvfMediaFactory (552)
[2018.10.29-23.17.43:801][187]LogModuleManager: Shutting down and abandoning module AvfMediaEditor (550)
[2018.10.29-23.17.43:801][187]LogModuleManager: Shutting down and abandoning module AndroidMediaFactory (548)
[2018.10.29-23.17.43:801][187]LogModuleManager: Shutting down and abandoning module AndroidMediaEditor (546)
[2018.10.29-23.17.43:801][187]LogModuleManager: Shutting down and abandoning module MagicLeapCameraPreviewFactory (544)
[2018.10.29-23.17.43:801][187]LogModuleManager: Shutting down and abandoning module MagicLeapMediaFactory (542)
[2018.10.29-23.17.43:802][187]LogModuleManager: Shutting down and abandoning module MagicLeapMediaEditor (540)
[2018.10.29-23.17.43:802][187]LogModuleManager: Shutting down and abandoning module CharacterAI (538)
[2018.10.29-23.17.43:802][187]LogModuleManager: Shutting down and abandoning module SmartSnapping (536)
[2018.10.29-23.17.43:802][187]LogModuleManager: Shutting down and abandoning module SessionServices (534)
[2018.10.29-23.17.43:802][187]LogModuleManager: Shutting down and abandoning module ViewportSnapping (532)
[2018.10.29-23.17.43:802][187]LogModuleManager: Shutting down and abandoning module ViewportInteraction (530)
[2018.10.29-23.17.43:808][187]LogModuleManager: Shutting down and abandoning module ClothPainter (528)
[2018.10.29-23.17.43:830][187]LogModuleManager: Shutting down and abandoning module SkeletalMeshEditor (527)
[2018.10.29-23.17.43:851][187]LogModuleManager: Shutting down and abandoning module LogVisualizer (524)
[2018.10.29-23.17.43:861][187]LogModuleManager: Shutting down and abandoning module IntroTutorials (522)
[2018.10.29-23.17.43:861][187]LogModuleManager: Shutting down and abandoning module GameProjectGeneration (521)
[2018.10.29-23.17.43:866][187]LogModuleManager: Shutting down and abandoning module LuminPlatformEditor (518)
[2018.10.29-23.17.43:866][187]LogModuleManager: Shutting down and abandoning module IOSPlatformEditor (516)
[2018.10.29-23.17.43:866][187]LogModuleManager: Shutting down and abandoning module HTML5PlatformEditor (514)
[2018.10.29-23.17.43:866][187]LogModuleManager: Shutting down and abandoning module AndroidPlatformEditor (512)
[2018.10.29-23.17.43:866][187]LogModuleManager: Shutting down and abandoning module AndroidDeviceDetection (511)
[2018.10.29-23.17.44:524][187]LogModuleManager: Shutting down and abandoning module WindowsPlatformEditor (508)
[2018.10.29-23.17.44:524][187]LogModuleManager: Shutting down and abandoning module LuminRuntimeSettings (506)
[2018.10.29-23.17.44:524][187]LogModuleManager: Shutting down and abandoning module IOSRuntimeSettings (504)
[2018.10.29-23.17.44:524][187]LogModuleManager: Shutting down and abandoning module AndroidRuntimeSettings (502)
[2018.10.29-23.17.44:524][187]LogModuleManager: Shutting down and abandoning module InputBindingEditor (500)
[2018.10.29-23.17.44:539][187]LogModuleManager: Shutting down and abandoning module MergeActors (498)
[2018.10.29-23.17.44:539][187]LogModuleManager: Shutting down and abandoning module LocalizationDashboard (496)
[2018.10.29-23.17.44:552][187]LogModuleManager: Shutting down and abandoning module LocalizationService (495)
[2018.10.29-23.17.44:552][187]LogModuleManager: Shutting down and abandoning module HardwareTargeting (492)
[2018.10.29-23.17.44:552][187]LogModuleManager: Shutting down and abandoning module DeviceProfileEditor (490)
[2018.10.29-23.17.44:552][187]LogModuleManager: Shutting down and abandoning module UndoHistory (488)
[2018.10.29-23.17.44:552][187]LogModuleManager: Shutting down and abandoning module XmlParser (486)
[2018.10.29-23.17.44:552][187]LogModuleManager: Shutting down and abandoning module Blutility (484)
[2018.10.29-23.17.44:552][187]LogModuleManager: Shutting down and abandoning module ProjectSettingsViewer (482)
[2018.10.29-23.17.44:552][187]LogModuleManager: Shutting down and abandoning module ProjectTargetPlatformEditor (481)
[2018.10.29-23.17.44:552][187]LogModuleManager: Shutting down and abandoning module EditorSettingsViewer (478)
[2018.10.29-23.17.44:552][187]LogModuleManager: Shutting down and abandoning module SettingsEditor (476)
[2018.10.29-23.17.44:552][187]LogModuleManager: Shutting down and abandoning module ProjectLauncher (474)
[2018.10.29-23.17.44:563][187]LogModuleManager: Shutting down and abandoning module SessionFrontend (472)
[2018.10.29-23.17.44:564][187]LogModuleManager: Shutting down and abandoning module ProfilerClient (470)
[2018.10.29-23.17.44:568][187]LogModuleManager: Shutting down and abandoning module DeviceManager (468)
[2018.10.29-23.17.44:568][187]LogModuleManager: Shutting down and abandoning module TargetDeviceServices (467)
[2018.10.29-23.17.44:634][187]LogModuleManager: Shutting down and abandoning module AutomationController (464)
[2018.10.29-23.17.44:634][187]LogModuleManager: Shutting down and abandoning module AutomationWindow (462)
[2018.10.29-23.17.44:649][187]LogModuleManager: Shutting down and abandoning module Layers (460)
[2018.10.29-23.17.44:664][187]LogModuleManager: Shutting down and abandoning module ComponentVisualizers (458)
[2018.10.29-23.17.44:664][187]LogModuleManager: Shutting down and abandoning module DetailCustomizations (456)
[2018.10.29-23.17.44:664][187]LogModuleManager: Shutting down and abandoning module PackagesDialog (454)
[2018.10.29-23.17.44:680][187]LogModuleManager: Shutting down and abandoning module Persona (452)
[2018.10.29-23.17.44:697][187]LogModuleManager: Shutting down and abandoning module AdvancedPreviewScene (451)
[2018.10.29-23.17.44:697][187]LogModuleManager: Shutting down and abandoning module AnimGraph (449)
[2018.10.29-23.17.44:697][187]LogModuleManager: Shutting down and abandoning module Kismet (446)
[2018.10.29-23.17.44:698][187]LogModuleManager: Shutting down and abandoning module GraphEditor (444)
[2018.10.29-23.17.44:720][187]LogModuleManager: Shutting down and abandoning module ClassViewer (442)
[2018.10.29-23.17.44:720][187]LogModuleManager: Shutting down and abandoning module Toolbox (440)
[2018.10.29-23.17.44:720][187]LogModuleManager: Shutting down and abandoning module ModuleUI (438)
[2018.10.29-23.17.44:720][187]LogModuleManager: Shutting down and abandoning module MovieSceneTools (436)
[2018.10.29-23.17.44:720][187]LogModuleManager: Shutting down and abandoning module OutputLog (434)
[2018.10.29-23.17.44:720][187]LogModuleManager: Shutting down and abandoning module GammaUI (432)
[2018.10.29-23.17.44:733][187]LogModuleManager: Shutting down and abandoning module Documentation (430)
[2018.10.29-23.17.44:733][187]LogModuleManager: Shutting down and abandoning module MovieSceneTracks (428)
[2018.10.29-23.17.44:744][187]LogModuleManager: Shutting down and abandoning module MovieScene (426)
[2018.10.29-23.17.44:744][187]LogModuleManager: Shutting down and abandoning module StreamingPauseRendering (424)
[2018.10.29-23.17.44:744][187]LogModuleManager: Shutting down and abandoning module LauncherPlatform (422)
[2018.10.29-23.17.44:744][187]LogModuleManager: Shutting down and abandoning module AnalyticsET (420)
[2018.10.29-23.17.44:744][187]LogModuleManager: Shutting down and abandoning module PortalServices (418)
[2018.10.29-23.17.44:744][187]LogModuleManager: Shutting down and abandoning module PortalRpc (416)
[2018.10.29-23.17.44:744][187]LogModuleManager: Shutting down and abandoning module MessagingRpc (414)
[2018.10.29-23.17.44:744][187]LogModuleManager: Shutting down and abandoning module AIModule (412)
[2018.10.29-23.17.44:744][187]LogModuleManager: Shutting down and abandoning module GameplayDebugger (411)
[2018.10.29-23.17.44:744][187]LogModuleManager: Shutting down and abandoning module AITestSuite (409)
[2018.10.29-23.17.44:744][187]LogModuleManager: Shutting down and abandoning module NavigationSystem (407)
[2018.10.29-23.17.44:744][187]LogModuleManager: Shutting down and abandoning module DesktopPlatform (404)
[2018.10.29-23.17.44:744][187]LogModuleManager: Shutting down and abandoning module ProfilerService (402)
[2018.10.29-23.17.44:928][187]LogModuleManager: Shutting down and abandoning module TaskGraph (400)
[2018.10.29-23.17.44:929][187]LogModuleManager: Shutting down and abandoning module SteamVRController (398)
[2018.10.29-23.17.44:929][187]LogModuleManager: Shutting down and abandoning module ProceduralMeshComponentEditor (396)
[2018.10.29-23.17.44:929][187]LogModuleManager: Shutting down and abandoning module ProceduralMeshComponent (394)
[2018.10.29-23.17.44:929][187]LogModuleManager: Shutting down and abandoning module OculusInput (392)
[2018.10.29-23.17.44:929][187]LogModuleManager: Shutting down and abandoning module MobilePatchingUtils (390)
[2018.10.29-23.17.44:929][187]LogModuleManager: Shutting down and abandoning module EditableMesh (388)
[2018.10.29-23.17.44:940][187]LogModuleManager: Shutting down and abandoning module CustomMeshComponent (386)
[2018.10.29-23.17.44:940][187]LogModuleManager: Shutting down and abandoning module CableComponent (384)
[2018.10.29-23.17.44:940][187]LogModuleManager: Shutting down and abandoning module AudioCapture (382)
[2018.10.29-23.17.44:940][187]LogModuleManager: Shutting down and abandoning module ArchVisCharacter (380)
[2018.10.29-23.17.44:940][187]LogModuleManager: Shutting down and abandoning module AndroidPermission (378)
[2018.10.29-23.17.44:940][187]LogModuleManager: Shutting down and abandoning module NUTUnrealEngine4 (376)
[2018.10.29-23.17.44:940][187]LogModuleManager: Shutting down and abandoning module NetcodeUnitTest (374)
[2018.10.29-23.17.44:952][187]LogModuleManager: Shutting down and abandoning module MediaCompositingEditor (372)
[2018.10.29-23.17.44:952][187]LogModuleManager: Shutting down and abandoning module MediaCompositing (370)
[2018.10.29-23.17.44:952][187]LogModuleManager: Shutting down and abandoning module LinearTimecode (368)
[2018.10.29-23.17.44:952][187]LogModuleManager: Shutting down and abandoning module ImgMedia (366)
[2018.10.29-23.17.44:956][187]LogModuleManager: Shutting down and abandoning module RunebergVRPlugin (364)
[2018.10.29-23.17.44:956][187]LogModuleManager: Shutting down and abandoning module HTML5Networking (362)
[2018.10.29-23.17.44:956][187]LogModuleManager: Shutting down and abandoning module GeometryCacheTracks (360)
[2018.10.29-23.17.44:956][187]LogModuleManager: Shutting down and abandoning module GeometryCacheSequencer (358)
[2018.10.29-23.17.44:956][187]LogModuleManager: Shutting down and abandoning module BackChannel (356)
[2018.10.29-23.17.44:968][187]LogModuleManager: Shutting down and abandoning module AppleVision (354)
[2018.10.29-23.17.44:969][187]LogModuleManager: Shutting down and abandoning module AppleImageUtils (352)
[2018.10.29-23.17.44:969][187]LogModuleManager: Shutting down and abandoning module AlembicImporter (350)
[2018.10.29-23.17.44:969][187]LogModuleManager: Shutting down and abandoning module AlembicLibrary (349)
[2018.10.29-23.17.44:969][187]LogModuleManager: Shutting down and abandoning module GeometryCache (348)
[2018.10.29-23.17.44:969][187]LogModuleManager: Shutting down and abandoning module GeometryCacheEd (347)
[2018.10.29-23.17.44:969][187]LogModuleManager: Shutting down and abandoning module DatasmithContentEditor (342)
[2018.10.29-23.17.44:969][187]LogModuleManager: Shutting down and abandoning module DatasmithContent (340)
[2018.10.29-23.17.44:969][187]LogModuleManager: Shutting down and abandoning module SpeedTreeImporter (338)
[2018.10.29-23.17.44:969][187]LogModuleManager: Shutting down and abandoning module PluginBrowser (336)
[2018.10.29-23.17.44:970][187]LogModuleManager: Shutting down and abandoning module MobileLauncherProfileWizard (334)
[2018.10.29-23.17.44:974][187]LogModuleManager: Shutting down and abandoning module PolygonModeling (332)
[2018.10.29-23.17.44:974][187]LogModuleManager: Shutting down and abandoning module MeshEditor (330)
[2018.10.29-23.17.44:974][187]LogModuleManager: Shutting down and abandoning module CryptoKeysOpenSSL (328)
[2018.10.29-23.17.44:974][187]LogModuleManager: Shutting down and abandoning module CryptoKeys (326)
[2018.10.29-23.17.44:974][187]LogModuleManager: Shutting down and abandoning module VisualStudioSourceCodeAccess (324)
[2018.10.29-23.17.44:975][187]LogModuleManager: Shutting down and abandoning module VisualStudioCodeSourceCodeAccess (322)
[2018.10.29-23.17.44:975][187]LogModuleManager: Shutting down and abandoning module UObjectPlugin (320)
[2018.10.29-23.17.44:975][187]LogModuleManager: Shutting down and abandoning module SubversionSourceControl (318)
[2018.10.29-23.17.44:975][187]LogModuleManager: Shutting down and abandoning module PerforceSourceControl (316)
[2018.10.29-23.17.44:987][187]LogModuleManager: Shutting down and abandoning module GitSourceControl (314)
[2018.10.29-23.17.44:987][187]LogModuleManager: Shutting down and abandoning module SourceControl (313)
[2018.10.29-23.17.44:987][187]LogModuleManager: Shutting down and abandoning module CLionSourceCodeAccess (310)
[2018.10.29-23.17.44:987][187]LogModuleManager: Shutting down and abandoning module LightPropagationVolumeEditor (308)
[2018.10.29-23.17.44:987][187]LogModuleManager: Shutting down and abandoning module PaperTiledImporter (306)
[2018.10.29-23.17.44:987][187]LogModuleManager: Shutting down and abandoning module PaperSpriteSheetImporter (304)
[2018.10.29-23.17.44:987][187]LogModuleManager: Shutting down and abandoning module Paper2DEditor (302)
[2018.10.29-23.17.45:000][187]LogModuleManager: Shutting down and abandoning module MeshPaint (301)
[2018.10.29-23.17.45:000][187]LogModuleManager: Shutting down and abandoning module RuntimePhysXCooking (298)
[2018.10.29-23.17.45:000][187]LogModuleManager: Shutting down and abandoning module PhysXVehiclesEditor (296)
[2018.10.29-23.17.45:000][187]LogModuleManager: Shutting down and abandoning module PhysXVehicles (294)
[2018.10.29-23.17.45:000][187]LogModuleManager: Shutting down and abandoning module OculusEditor (292)
[2018.10.29-23.17.45:000][187]LogModuleManager: Shutting down and abandoning module LocationServicesBPLibrary (290)
[2018.10.29-23.17.45:000][187]LogModuleManager: Shutting down and abandoning module ImmediatePhysicsEditor (288)
[2018.10.29-23.17.45:001][187]LogModuleManager: Shutting down and abandoning module ImmediatePhysics (286)
[2018.10.29-23.17.45:001][187]LogModuleManager: Shutting down and abandoning module ActorSequence (284)
[2018.10.29-23.17.45:001][187]LogModuleManager: Shutting down and abandoning module UdpMessaging (282)
[2018.10.29-23.17.45:102][187]LogModuleManager: Shutting down and abandoning module TcpMessaging (280)
[2018.10.29-23.17.45:203][187]LogModuleManager: Shutting down and abandoning module MagicLeapAudio (278)
[2018.10.29-23.17.45:203][187]LogModuleManager: Shutting down and abandoning module GameplayTagsEditor (276)
[2018.10.29-23.17.45:215][187]LogModuleManager: Shutting down and abandoning module FacialAnimationEditor (274)
[2018.10.29-23.17.45:215][187]LogModuleManager: Shutting down and abandoning module FacialAnimation (272)
[2018.10.29-23.17.45:215][187]LogModuleManager: Shutting down and abandoning module DataValidation (270)
[2018.10.29-23.17.45:215][187]LogModuleManager: Shutting down and abandoning module AssetManagerEditor (268)
[2018.10.29-23.17.45:220][187]LogModuleManager: Shutting down and abandoning module LevelEditor (267)
[2018.10.29-23.17.45:221][187]LogModuleManager: Shutting down and abandoning module PixelInspectorModule (266)
[2018.10.29-23.17.45:221][187]LogModuleManager: Shutting down and abandoning module CommonMenuExtensions (264)
[2018.10.29-23.17.45:221][187]LogModuleManager: Shutting down and abandoning module MainFrame (262)
[2018.10.29-23.17.45:221][187]LogModuleManager: Shutting down and abandoning module HotReload (261)
[2018.10.29-23.17.45:222][187]LogModuleManager: Shutting down and abandoning module ContentBrowser (257)
[2018.10.29-23.17.45:223][187]LogModuleManager: Shutting down and abandoning module TreeMap (255)
[2018.10.29-23.17.45:223][187]LogModuleManager: Shutting down and abandoning module LightPropagationVolumeRuntime (252)
[2018.10.29-23.17.45:223][187]LogModuleManager: Shutting down and abandoning module AISupportModule (250)
[2018.10.29-23.17.45:223][187]LogModuleManager: Shutting down and abandoning module Paper2D (248)
[2018.10.29-23.17.45:223][187]LogModuleManager: Shutting down and abandoning module WindowsMoviePlayer (246)
[2018.10.29-23.17.45:223][187]LogModuleManager: Shutting down and abandoning module WmfMedia (244)
[2018.10.29-23.17.45:232][187]LogModuleManager: Shutting down and abandoning module Media (243)
[2018.10.29-23.17.45:238][187]LogModuleManager: Shutting down and abandoning module PacketHandler (240)
[2018.10.29-23.17.45:238][187]LogModuleManager: Shutting down and abandoning module ClothingSystemEditor (238)
[2018.10.29-23.17.45:238][187]LogModuleManager: Shutting down and abandoning module ClothingSystemRuntime (236)
[2018.10.29-23.17.45:247][187]LogModuleManager: Shutting down and abandoning module MediaAssets (234)
[2018.10.29-23.17.45:248][187]LogModuleManager: Shutting down and abandoning module Overlay (232)
[2018.10.29-23.17.45:248][187]LogModuleManager: Shutting down and abandoning module OverlayEditor (231)
[2018.10.29-23.17.45:248][187]LogModuleManager: Shutting down and abandoning module VREditor (228)
[2018.10.29-23.17.45:259][187]LogModuleManager: Shutting down and abandoning module StringTableEditor (226)
[2018.10.29-23.17.45:267][187]LogModuleManager: Shutting down and abandoning module GameplayTasksEditor (224)
[2018.10.29-23.17.45:267][187]LogModuleManager: Shutting down and abandoning module BehaviorTreeEditor (222)
[2018.10.29-23.17.45:276][187]LogModuleManager: Shutting down and abandoning module FunctionalTesting (220)
[2018.10.29-23.17.45:276][187]LogModuleManager: Shutting down and abandoning module CollisionAnalyzer (218)
[2018.10.29-23.17.45:276][187]LogModuleManager: Shutting down and abandoning module WorkspaceMenuStructure (217)
[2018.10.29-23.17.45:276][187]LogModuleManager: Shutting down and abandoning module UMG (214)
[2018.10.29-23.17.45:280][187]LogModuleManager: Shutting down and abandoning module UMGEditor (213)
[2018.10.29-23.17.45:300][187]LogModuleManager: Shutting down and abandoning module Sequencer (212)
[2018.10.29-23.17.45:311][187]LogModuleManager: Shutting down and abandoning module MessageLog (209)
[2018.10.29-23.17.45:311][187]LogModuleManager: Shutting down and abandoning module SlateReflector (204)
[2018.10.29-23.17.45:331][187]LogModuleManager: Shutting down and abandoning module Slate (202)
[2018.10.29-23.17.45:331][187]LogModuleManager: Shutting down and abandoning module EditorStyle (200)
[2018.10.29-23.17.45:333][187]LogModuleManager: Shutting down and abandoning module MRMesh (198)
[2018.10.29-23.17.45:333][187]LogModuleManager: Shutting down and abandoning module SourceCodeAccess (196)
[2018.10.29-23.17.45:333][187]LogModuleManager: Shutting down and abandoning module HeadMountedDisplay (194)
[2018.10.29-23.17.45:333][187]LogModuleManager: Shutting down and abandoning module XAudio2 (192)
[2018.10.29-23.17.45:333][187]LogModuleManager: Shutting down and abandoning module Networking (190)
[2018.10.29-23.17.45:333][187]LogModuleManager: Shutting down and abandoning module Core (188)
[2018.10.29-23.17.45:333][187]LogModuleManager: Shutting down and abandoning module LevelSequence (186)
[2018.10.29-23.17.45:333][187]LogModuleManager: Shutting down and abandoning module KismetCompiler (184)
[2018.10.29-23.17.45:333][187]LogModuleManager: Shutting down and abandoning module MeshUtilities (182)
[2018.10.29-23.17.45:343][187]LogModuleManager: Shutting down and abandoning module MeshMergeUtilities (181)
[2018.10.29-23.17.45:343][187]LogModuleManager: Shutting down and abandoning module MeshReductionInterface (180)
[2018.10.29-23.17.45:343][187]LogModuleManager: Shutting down and abandoning module SimplygonSwarm (179)
[2018.10.29-23.17.45:354][187]LogModuleManager: Shutting down and abandoning module ProxyLODMeshReduction (177)
[2018.10.29-23.17.45:373][187]LogModuleManager: Shutting down and abandoning module SimplygonMeshReduction (175)
[2018.10.29-23.17.45:373][187]LogModuleManager: Shutting down and abandoning module QuadricMeshReduction (173)
[2018.10.29-23.17.45:373][187]LogModuleManager: Shutting down and abandoning module MaterialBaking (169)
[2018.10.29-23.17.45:373][187]LogModuleManager: Shutting down and abandoning module DirectoryWatcher (165)
[2018.10.29-23.17.45:373][187]LogModuleManager: Shutting down and abandoning module DerivedDataCache (162)
[2018.10.29-23.17.45:388][187]LogDerivedDataCache: Shutdown
[2018.10.29-23.17.45:388][187]LogModuleManager: Shutting down and abandoning module XGEController (160)
[2018.10.29-23.17.45:388][187]LogXGEController: Cleaning working directory: C:/Users/The Donimator/AppData/Local/Temp/UnrealXGEWorkingDir/
[2018.10.29-23.17.45:391][187]LogModuleManager: Shutting down and abandoning module TargetPlatform (158)
[2018.10.29-23.17.45:391][187]LogModuleManager: Shutting down and abandoning module VulkanShaderFormat (157)
[2018.10.29-23.17.45:391][187]LogModuleManager: Shutting down and abandoning module ShaderFormatVectorVM (155)
[2018.10.29-23.17.45:392][187]LogModuleManager: Shutting down and abandoning module ShaderFormatOpenGL (153)
[2018.10.29-23.17.45:400][187]LogModuleManager: Shutting down and abandoning module ShaderFormatD3D (151)
[2018.10.29-23.17.45:400][187]LogModuleManager: Shutting down and abandoning module MetalShaderFormat (149)
[2018.10.29-23.17.45:409][187]LogModuleManager: Shutting down and abandoning module TextureFormatUncompressed (147)
[2018.10.29-23.17.45:409][187]LogModuleManager: Shutting down and abandoning module TextureFormatPVR (145)
[2018.10.29-23.17.45:409][187]LogModuleManager: Shutting down and abandoning module TextureFormatDXT (143)
[2018.10.29-23.17.45:409][187]LogModuleManager: Shutting down and abandoning module TextureFormatIntelISPCTexComp (141)
[2018.10.29-23.17.45:409][187]LogModuleManager: Shutting down and abandoning module TextureFormatASTC (139)
[2018.10.29-23.17.45:409][187]LogModuleManager: Shutting down and abandoning module ImageWrapper (138)
[2018.10.29-23.17.45:409][187]LogModuleManager: Shutting down and abandoning module TextureFormatAndroid (135)
[2018.10.29-23.17.45:409][187]LogModuleManager: Shutting down and abandoning module AudioFormatOpus (133)
[2018.10.29-23.17.45:410][187]LogModuleManager: Shutting down and abandoning module AudioFormatOgg (131)
[2018.10.29-23.17.45:410][187]LogModuleManager: Shutting down and abandoning module AudioFormatADPCM (129)
[2018.10.29-23.17.45:410][187]LogModuleManager: Shutting down and abandoning module LuminTargetPlatform (127)
[2018.10.29-23.17.45:410][187]LogModuleManager: Shutting down and abandoning module LinuxTargetPlatform (125)
[2018.10.29-23.17.45:410][187]LogModuleManager: Shutting down and abandoning module LinuxServerTargetPlatform (123)
[2018.10.29-23.17.45:410][187]LogModuleManager: Shutting down and abandoning module LinuxNoEditorTargetPlatform (121)
[2018.10.29-23.17.45:410][187]LogModuleManager: Shutting down and abandoning module LinuxClientTargetPlatform (119)
[2018.10.29-23.17.45:410][187]LogModuleManager: Shutting down and abandoning module TVOSTargetPlatform (117)
[2018.10.29-23.17.45:411][187]LogModuleManager: Shutting down and abandoning module Messaging (115)
[2018.10.29-23.17.45:411][187]LogModuleManager: Shutting down and abandoning module IOSTargetPlatform (113)
[2018.10.29-23.17.45:412][187]LogModuleManager: Shutting down and abandoning module HTML5TargetPlatform (111)
[2018.10.29-23.17.45:412][187]LogModuleManager: Shutting down and abandoning module AndroidTargetPlatform (109)
[2018.10.29-23.17.45:419][187]LogModuleManager: Shutting down and abandoning module WindowsTargetPlatform (107)
[2018.10.29-23.17.45:419][187]LogModuleManager: Shutting down and abandoning module WindowsServerTargetPlatform (105)
[2018.10.29-23.17.45:419][187]LogModuleManager: Shutting down and abandoning module WindowsNoEditorTargetPlatform (103)
[2018.10.29-23.17.45:419][187]LogModuleManager: Shutting down and abandoning module WindowsClientTargetPlatform (101)
[2018.10.29-23.17.45:419][187]LogModuleManager: Shutting down and abandoning module MacTargetPlatform (99)
[2018.10.29-23.17.45:420][187]LogModuleManager: Shutting down and abandoning module MacServerTargetPlatform (97)
[2018.10.29-23.17.45:420][187]LogModuleManager: Shutting down and abandoning module MacNoEditorTargetPlatform (95)
[2018.10.29-23.17.45:420][187]LogModuleManager: Shutting down and abandoning module MacClientTargetPlatform (93)
[2018.10.29-23.17.45:420][187]LogModuleManager: Shutting down and abandoning module AllDesktopTargetPlatform (91)
[2018.10.29-23.17.45:420][187]LogModuleManager: Shutting down and abandoning module InputCore (88)
[2018.10.29-23.17.45:420][187]LogModuleManager: Shutting down and abandoning module Settings (86)
[2018.10.29-23.17.45:420][187]LogModuleManager: Shutting down and abandoning module PhysXCooking (84)
[2018.10.29-23.17.45:420][187]LogModuleManager: Shutting down and abandoning module SteamVR (82)
[2018.10.29-23.17.45:420][187]LogModuleManager: Shutting down and abandoning module OculusHMD (80)
[2018.10.29-23.17.45:420][187]LogModuleManager: Shutting down and abandoning module ExampleDeviceProfileSelector (78)
[2018.10.29-23.17.45:420][187]LogModuleManager: Shutting down and abandoning module LauncherChunkInstaller (76)
[2018.10.29-23.17.45:420][187]LogModuleManager: Shutting down and abandoning module OnlineBlueprintSupport (74)
[2018.10.29-23.17.45:420][187]LogModuleManager: Shutting down and abandoning module OnlineSubsystem (70)
[2018.10.29-23.17.45:445][187]LogModuleManager: Shutting down and abandoning module XMPP (65)
[2018.10.29-23.17.45:459][187]LogModuleManager: Shutting down and abandoning module WebSockets (64)
[2018.10.29-23.17.45:483][187]LogModuleManager: Shutting down and abandoning module HTTP (61)
[2018.10.29-23.17.45:483][187]LogHttp: Display: Http module shutting down, but needs to wait on 1 outstanding Http requests:
[2018.10.29-23.17.45:483][187]LogHttp: Display: 	verb=[POST] url=[https://datarouter.ol.epicgames.com/datarouter/api/v1/public/data?SessionID=%7B09E0FF9C-46C7-51B9-8382-C4A734F32F26%7D&AppID=UEEditor.Rocket.Release&AppVersion=4.20.3-4369336%2B%2B%2BUE4%2BRelease-4.20&UserID=8969fabc4898a523139737983038a63f%7Cd7d30bc5e0d64edc9db19d984e3d248c%7Cdd6f18fc-b730-4a71-b9e0-6ec01c6f1355&AppEnvironment=datacollector-binary&UploadType=eteventstream] status=Processing
[2018.10.29-23.17.45:503][187]LogModuleManager: Shutting down and abandoning module SSL (60)
[2018.10.29-23.17.45:505][187]LogModuleManager: Shutting down and abandoning module MagicLeapEmulator (56)
[2018.10.29-23.17.45:505][187]LogModuleManager: Shutting down and abandoning module MagicLeapPrivileges (54)
[2018.10.29-23.17.45:505][187]LogModuleManager: Shutting down and abandoning module MagicLeapIdentity (52)
[2018.10.29-23.17.45:505][187]LogModuleManager: Shutting down and abandoning module MagicLeapHelperVulkan (50)
[2018.10.29-23.17.45:505][187]LogModuleManager: Shutting down and abandoning module MagicLeapHelperOpenGL (48)
[2018.10.29-23.17.45:505][187]LogModuleManager: Shutting down and abandoning module MagicLeapSecureStorage (46)
[2018.10.29-23.17.45:505][187]LogModuleManager: Shutting down and abandoning module MagicLeapGestures (44)
[2018.10.29-23.17.45:505][187]LogModuleManager: Shutting down and abandoning module MagicLeapEyeTracker (42)
[2018.10.29-23.17.45:505][187]LogModuleManager: Shutting down and abandoning module MagicLeapController (40)
[2018.10.29-23.17.45:505][187]LogSlate: Slate User Destroyed.  User Index 0, Is Virtual User: 0
[2018.10.29-23.17.45:505][187]LogModuleManager: Shutting down and abandoning module MagicLeap (38)
[2018.10.29-23.17.45:505][187]LogModuleManager: Shutting down and abandoning module AnimationModifiers (36)
[2018.10.29-23.17.45:520][187]LogModuleManager: Shutting down and abandoning module PropertyEditor (35)
[2018.10.29-23.17.45:536][187]LogModuleManager: Shutting down and abandoning module AudioEditor (32)
[2018.10.29-23.17.45:546][187]LogModuleManager: Shutting down and abandoning module TextureCompressor (30)
[2018.10.29-23.17.45:546][187]LogModuleManager: Shutting down and abandoning module ShaderCore (28)
[2018.10.29-23.17.45:546][187]LogModuleManager: Shutting down and abandoning module Landscape (26)
[2018.10.29-23.17.45:546][187]LogModuleManager: Shutting down and abandoning module SlateRHIRenderer (24)
[2018.10.29-23.17.45:553][187]LogModuleManager: Shutting down and abandoning module OpenGLDrv (22)
[2018.10.29-23.17.45:564][187]LogModuleManager: Shutting down and abandoning module D3D11RHI (20)
[2018.10.29-23.17.45:564][187]LogModuleManager: Shutting down and abandoning module AnimGraphRuntime (18)
[2018.10.29-23.17.45:564][187]LogModuleManager: Shutting down and abandoning module Renderer (16)
[2018.10.29-23.17.45:564][187]LogModuleManager: Shutting down and abandoning module Engine (14)
[2018.10.29-23.17.45:564][187]LogModuleManager: Shutting down and abandoning module CoreUObject (12)
[2018.10.29-23.17.45:564][187]LogModuleManager: Shutting down and abandoning module NetworkFile (10)
[2018.10.29-23.17.45:564][187]LogModuleManager: Shutting down and abandoning module CookedIterativeFile (8)
[2018.10.29-23.17.45:564][187]LogModuleManager: Shutting down and abandoning module StreamingFile (6)
[2018.10.29-23.17.45:564][187]LogModuleManager: Shutting down and abandoning module SandboxFile (4)
[2018.10.29-23.17.45:564][187]LogModuleManager: Shutting down and abandoning module PakFile (2)
[2018.10.29-23.17.45:569][187]LogExit: Exiting.
[2018.10.29-23.17.45:577][187]Log file closed, 10/29/18 18:17:45
